{"C:\\Users\\frbra\\Desktop\\Facultad\\Agiles\\TP\\tp_agiles\\BE\\src\\classes\\ahorcado.class.ts": {"path":"C:\\Users\\frbra\\Desktop\\Facultad\\Agiles\\TP\\tp_agiles\\BE\\src\\classes\\ahorcado.class.ts","statementMap":{"0":{"start":{"line":1,"column":0},"end":{"line":1,"column":42}},"1":{"start":{"line":2,"column":0},"end":{"line":2,"column":40}},"2":{"start":{"line":16,"column":4},"end":{"line":16,"column":28}},"3":{"start":{"line":17,"column":4},"end":{"line":17,"column":28}},"4":{"start":{"line":18,"column":4},"end":{"line":18,"column":30}},"5":{"start":{"line":19,"column":4},"end":{"line":19,"column":48}},"6":{"start":{"line":23,"column":4},"end":{"line":23,"column":28}},"7":{"start":{"line":24,"column":4},"end":{"line":24,"column":57}},"8":{"start":{"line":28,"column":24},"end":{"line":28,"column":87}},"9":{"start":{"line":29,"column":4},"end":{"line":29,"column":32}},"10":{"start":{"line":33,"column":4},"end":{"line":33,"column":47}},"11":{"start":{"line":37,"column":4},"end":{"line":38,"column":54}},"12":{"start":{"line":38,"column":6},"end":{"line":38,"column":54}},"13":{"start":{"line":39,"column":4},"end":{"line":39,"column":36}},"14":{"start":{"line":40,"column":21},"end":{"line":40,"column":46}},"15":{"start":{"line":41,"column":4},"end":{"line":51,"column":5}},"16":{"start":{"line":42,"column":6},"end":{"line":46,"column":9}},"17":{"start":{"line":43,"column":8},"end":{"line":45,"column":9}},"18":{"start":{"line":44,"column":10},"end":{"line":44,"column":36}},"19":{"start":{"line":47,"column":6},"end":{"line":47,"column":50}},"20":{"start":{"line":49,"column":6},"end":{"line":49,"column":33}},"21":{"start":{"line":50,"column":6},"end":{"line":50,"column":52}},"22":{"start":{"line":55,"column":4},"end":{"line":55,"column":26}},"23":{"start":{"line":59,"column":33},"end":{"line":59,"column":35}},"24":{"start":{"line":60,"column":4},"end":{"line":64,"column":7}},"25":{"start":{"line":61,"column":6},"end":{"line":63,"column":7}},"26":{"start":{"line":62,"column":8},"end":{"line":62,"column":31}},"27":{"start":{"line":65,"column":4},"end":{"line":65,"column":22}},"28":{"start":{"line":68,"column":4},"end":{"line":68,"column":35}},"29":{"start":{"line":71,"column":4},"end":{"line":71,"column":38}},"30":{"start":{"line":75,"column":4},"end":{"line":75,"column":25}},"31":{"start":{"line":78,"column":4},"end":{"line":78,"column":25}},"32":{"start":{"line":84,"column":20},"end":{"line":84,"column":78}},"33":{"start":{"line":85,"column":20},"end":{"line":85,"column":39}},"34":{"start":{"line":86,"column":21},"end":{"line":86,"column":74}},"35":{"start":{"line":87,"column":30},"end":{"line":87,"column":59}},"36":{"start":{"line":89,"column":4},"end":{"line":89,"column":71}},"37":{"start":{"line":4,"column":0},"end":{"line":4,"column":13}},"38":{"start":{"line":93,"column":0},"end":{"line":93,"column":null}},"39":{"start":{"line":94,"column":2},"end":{"line":94,"column":null}},"40":{"start":{"line":95,"column":2},"end":{"line":95,"column":null}},"41":{"start":{"line":96,"column":2},"end":{"line":96,"column":null}},"42":{"start":{"line":104,"column":85},"end":{"line":104,"column":40240}},"43":{"start":{"line":104,"column":89},"end":{"line":104,"column":40229}},"44":{"start":{"line":104,"column":40355},"end":{"line":104,"column":40361}},"45":{"start":{"line":104,"column":40476},"end":{"line":104,"column":40482}},"46":{"start":{"line":104,"column":40597},"end":{"line":104,"column":40603}},"47":{"start":{"line":104,"column":40722},"end":{"line":104,"column":40728}},"48":{"start":{"line":104,"column":40872},"end":{"line":104,"column":40878}}},"fnMap":{"0":{"name":"(anonymous_0)","decl":{"start":{"line":10,"column":2},"end":{"line":10,"column":null}},"loc":{"start":{"line":14,"column":36},"end":{"line":20,"column":3}}},"1":{"name":"(anonymous_1)","decl":{"start":{"line":22,"column":2},"end":{"line":22,"column":17}},"loc":{"start":{"line":22,"column":33},"end":{"line":25,"column":3}}},"2":{"name":"(anonymous_2)","decl":{"start":{"line":27,"column":2},"end":{"line":27,"column":14}},"loc":{"start":{"line":27,"column":14},"end":{"line":30,"column":3}}},"3":{"name":"(anonymous_3)","decl":{"start":{"line":32,"column":2},"end":{"line":32,"column":28}},"loc":{"start":{"line":32,"column":38},"end":{"line":34,"column":3}}},"4":{"name":"(anonymous_4)","decl":{"start":{"line":36,"column":2},"end":{"line":36,"column":16}},"loc":{"start":{"line":36,"column":26},"end":{"line":52,"column":3}}},"5":{"name":"(anonymous_5)","decl":{"start":{"line":42,"column":38},"end":{"line":42,"column":39}},"loc":{"start":{"line":42,"column":54},"end":{"line":46,"column":7}}},"6":{"name":"(anonymous_6)","decl":{"start":{"line":54,"column":2},"end":{"line":54,"column":13}},"loc":{"start":{"line":54,"column":13},"end":{"line":56,"column":3}}},"7":{"name":"(anonymous_7)","decl":{"start":{"line":58,"column":2},"end":{"line":58,"column":24}},"loc":{"start":{"line":58,"column":38},"end":{"line":66,"column":3}}},"8":{"name":"(anonymous_8)","decl":{"start":{"line":60,"column":36},"end":{"line":60,"column":37}},"loc":{"start":{"line":60,"column":52},"end":{"line":64,"column":5}}},"9":{"name":"(anonymous_9)","decl":{"start":{"line":67,"column":2},"end":{"line":67,"column":26}},"loc":{"start":{"line":67,"column":26},"end":{"line":69,"column":3}}},"10":{"name":"(anonymous_10)","decl":{"start":{"line":70,"column":2},"end":{"line":70,"column":12}},"loc":{"start":{"line":70,"column":12},"end":{"line":72,"column":3}}},"11":{"name":"(anonymous_11)","decl":{"start":{"line":74,"column":2},"end":{"line":74,"column":12}},"loc":{"start":{"line":74,"column":12},"end":{"line":76,"column":3}}},"12":{"name":"(anonymous_12)","decl":{"start":{"line":77,"column":2},"end":{"line":77,"column":12}},"loc":{"start":{"line":77,"column":12},"end":{"line":79,"column":3}}},"13":{"name":"(anonymous_13)","decl":{"start":{"line":83,"column":2},"end":{"line":83,"column":8}},"loc":{"start":{"line":83,"column":34},"end":{"line":90,"column":3}}},"14":{"name":"(anonymous_14)","decl":{"start":{"line":93,"column":0},"end":{"line":93,"column":12}},"loc":{"start":{"line":93,"column":34},"end":{"line":97,"column":1}}},"15":{"name":"oo_cm","decl":{"start":{"line":104,"column":77},"end":{"line":104,"column":82}},"loc":{"start":{"line":104,"column":82},"end":{"line":104,"column":40241}}}},"branchMap":{"0":{"loc":{"start":{"line":12,"column":4},"end":{"line":12,"column":54}},"type":"default-arg","locations":[{"start":{"line":12,"column":22},"end":{"line":12,"column":54}}]},"1":{"loc":{"start":{"line":13,"column":4},"end":{"line":13,"column":60}},"type":"default-arg","locations":[{"start":{"line":13,"column":25},"end":{"line":13,"column":60}}]},"2":{"loc":{"start":{"line":14,"column":4},"end":{"line":14,"column":36}},"type":"default-arg","locations":[{"start":{"line":14,"column":34},"end":{"line":14,"column":36}}]},"3":{"loc":{"start":{"line":37,"column":4},"end":{"line":38,"column":54}},"type":"if","locations":[{"start":{"line":37,"column":4},"end":{"line":38,"column":54}}]},"4":{"loc":{"start":{"line":41,"column":4},"end":{"line":51,"column":5}},"type":"if","locations":[{"start":{"line":41,"column":4},"end":{"line":51,"column":5}},{"start":{"line":48,"column":11},"end":{"line":51,"column":5}}]},"5":{"loc":{"start":{"line":43,"column":8},"end":{"line":45,"column":9}},"type":"if","locations":[{"start":{"line":43,"column":8},"end":{"line":45,"column":9}}]},"6":{"loc":{"start":{"line":61,"column":6},"end":{"line":63,"column":7}},"type":"if","locations":[{"start":{"line":61,"column":6},"end":{"line":63,"column":7}}]},"7":{"loc":{"start":{"line":85,"column":20},"end":{"line":85,"column":39}},"type":"binary-expr","locations":[{"start":{"line":85,"column":20},"end":{"line":85,"column":33}},{"start":{"line":85,"column":37},"end":{"line":85,"column":39}}]},"8":{"loc":{"start":{"line":86,"column":21},"end":{"line":86,"column":74}},"type":"binary-expr","locations":[{"start":{"line":86,"column":21},"end":{"line":86,"column":35}},{"start":{"line":86,"column":39},"end":{"line":86,"column":74}}]},"9":{"loc":{"start":{"line":87,"column":30},"end":{"line":87,"column":59}},"type":"binary-expr","locations":[{"start":{"line":87,"column":30},"end":{"line":87,"column":53}},{"start":{"line":87,"column":57},"end":{"line":87,"column":59}}]},"10":{"loc":{"start":{"line":93,"column":12},"end":{"line":93,"column":null}},"type":"binary-expr","locations":[{"start":{"line":93,"column":12},"end":{"line":93,"column":34}},{"start":{"line":93,"column":34},"end":{"line":93,"column":null}}]},"11":{"loc":{"start":{"line":104,"column":96},"end":{"line":104,"column":40228}},"type":"binary-expr","locations":[{"start":{"line":104,"column":96},"end":{"line":104,"column":133}},{"start":{"line":104,"column":137},"end":{"line":104,"column":40228}}]}},"s":{"0":1,"1":1,"2":12,"3":12,"4":12,"5":12,"6":8,"7":8,"8":1,"9":1,"10":7,"11":7,"12":1,"13":6,"14":6,"15":6,"16":4,"17":20,"18":4,"19":4,"20":2,"21":2,"22":5,"23":1,"24":1,"25":5,"26":1,"27":1,"28":3,"29":1,"30":5,"31":3,"32":2,"33":2,"34":2,"35":2,"36":2,"37":1,"38":1,"39":1,"40":1,"41":1,"42":1,"43":1,"44":1,"45":1,"46":1,"47":1,"48":1},"f":{"0":12,"1":8,"2":1,"3":7,"4":7,"5":20,"6":5,"7":1,"8":5,"9":3,"10":1,"11":5,"12":3,"13":2,"14":1,"15":1},"b":{"0":[10],"1":[10],"2":[10],"3":[1],"4":[4,2],"5":[4],"6":[1],"7":[2,1],"8":[2,1],"9":[2,1],"10":[1,1],"11":[1,1]}}
,"C:\\Users\\frbra\\Desktop\\Facultad\\Agiles\\TP\\tp_agiles\\BE\\src\\classes\\jugador.class.ts": {"path":"C:\\Users\\frbra\\Desktop\\Facultad\\Agiles\\TP\\tp_agiles\\BE\\src\\classes\\jugador.class.ts","statementMap":{"0":{"start":{"line":5,"column":4},"end":{"line":5,"column":51}},"1":{"start":{"line":9,"column":4},"end":{"line":9,"column":25}},"2":{"start":{"line":14,"column":4},"end":{"line":14,"column":23}},"3":{"start":{"line":17,"column":4},"end":{"line":17,"column":24}},"4":{"start":{"line":1,"column":0},"end":{"line":1,"column":13}}},"fnMap":{"0":{"name":"(anonymous_0)","decl":{"start":{"line":4,"column":2},"end":{"line":4,"column":14}},"loc":{"start":{"line":4,"column":47},"end":{"line":6,"column":3}}},"1":{"name":"(anonymous_1)","decl":{"start":{"line":8,"column":2},"end":{"line":8,"column":12}},"loc":{"start":{"line":8,"column":12},"end":{"line":10,"column":3}}},"2":{"name":"(anonymous_2)","decl":{"start":{"line":13,"column":2},"end":{"line":13,"column":10}},"loc":{"start":{"line":13,"column":10},"end":{"line":15,"column":3}}},"3":{"name":"(anonymous_3)","decl":{"start":{"line":16,"column":2},"end":{"line":16,"column":11}},"loc":{"start":{"line":16,"column":11},"end":{"line":18,"column":3}}}},"branchMap":{"0":{"loc":{"start":{"line":4,"column":30},"end":{"line":4,"column":47}},"type":"default-arg","locations":[{"start":{"line":4,"column":46},"end":{"line":4,"column":47}}]}},"s":{"0":14,"1":3,"2":4,"3":4,"4":1},"f":{"0":14,"1":3,"2":4,"3":4},"b":{"0":[9]}}
}
