TN:
SF:src/classes/ahorcado.class.ts
FN:10,(anonymous_0)
FN:17,(anonymous_1)
FN:22,(anonymous_2)
FN:27,(anonymous_3)
FN:31,(anonymous_4)
FN:37,(anonymous_5)
FN:49,(anonymous_6)
FN:53,(anonymous_7)
FN:55,(anonymous_8)
FN:62,(anonymous_9)
FN:65,(anonymous_10)
FN:70,(anonymous_11)
FNF:12
FNH:12
FNDA:8,(anonymous_0)
FNDA:7,(anonymous_1)
FNDA:1,(anonymous_2)
FNDA:7,(anonymous_3)
FNDA:7,(anonymous_4)
FNDA:20,(anonymous_5)
FNDA:2,(anonymous_6)
FNDA:1,(anonymous_7)
FNDA:5,(anonymous_8)
FNDA:1,(anonymous_9)
FNDA:1,(anonymous_10)
FNDA:1,(anonymous_11)
DA:2,1
DA:4,1
DA:11,8
DA:12,8
DA:13,8
DA:14,8
DA:18,7
DA:19,7
DA:23,1
DA:24,1
DA:28,7
DA:32,7
DA:33,1
DA:34,6
DA:35,6
DA:36,6
DA:37,4
DA:38,20
DA:39,4
DA:42,4
DA:44,2
DA:45,2
DA:50,2
DA:54,1
DA:55,1
DA:56,5
DA:57,1
DA:60,1
DA:63,1
DA:66,1
DA:70,1
DA:71,1
DA:72,1
DA:73,1
LF:34
LH:34
BRDA:32,0,0,1
BRDA:36,1,0,4
BRDA:36,1,1,2
BRDA:38,2,0,4
BRDA:56,3,0,1
BRDA:70,4,0,1
BRDA:70,4,1,1
BRF:7
BRH:7
end_of_record
TN:
SF:src/classes/jugador.class.ts
FN:2,(anonymous_0)
FN:4,(anonymous_1)
FNF:2
FNH:2
FNDA:8,(anonymous_0)
FNDA:3,(anonymous_1)
DA:1,1
DA:2,8
DA:5,3
LF:3
LH:3
BRDA:2,0,0,7
BRF:1
BRH:1
end_of_record
