TN:
SF:src/classes/ahorcado.class.ts
FN:15,(anonymous_2)
FN:27,(anonymous_3)
FN:32,(anonymous_4)
FN:37,(anonymous_5)
FN:41,(anonymous_6)
FN:47,(anonymous_7)
FN:59,(anonymous_8)
FN:63,(anonymous_9)
FN:65,(anonymous_10)
FN:72,(anonymous_11)
FN:75,(anonymous_12)
FN:79,(anonymous_13)
FN:82,(anonymous_14)
FN:88,(anonymous_15)
FN:8,(anonymous_16)
FN:98,(anonymous_17)
FNF:16
FNH:12
FNDA:8,(anonymous_2)
FNDA:7,(anonymous_3)
FNDA:1,(anonymous_4)
FNDA:7,(anonymous_5)
FNDA:7,(anonymous_6)
FNDA:20,(anonymous_7)
FNDA:2,(anonymous_8)
FNDA:1,(anonymous_9)
FNDA:5,(anonymous_10)
FNDA:1,(anonymous_11)
FNDA:1,(anonymous_12)
FNDA:0,(anonymous_13)
FNDA:0,(anonymous_14)
FNDA:0,(anonymous_15)
FNDA:0,(anonymous_16)
FNDA:1,(anonymous_17)
DA:1,1
DA:2,1
DA:3,1
DA:5,1
DA:7,1
DA:8,0
DA:9,1
DA:11,1
DA:13,1
DA:21,8
DA:22,8
DA:23,8
DA:24,8
DA:28,7
DA:29,7
DA:33,1
DA:34,1
DA:38,7
DA:42,7
DA:43,1
DA:44,6
DA:45,6
DA:46,6
DA:47,4
DA:48,20
DA:49,4
DA:52,4
DA:54,2
DA:55,2
DA:60,2
DA:64,1
DA:65,1
DA:66,5
DA:67,1
DA:70,1
DA:73,1
DA:76,1
DA:80,0
DA:83,0
DA:89,0
DA:90,0
DA:91,0
DA:92,0
DA:94,0
DA:98,1
DA:99,1
DA:100,1
DA:101,1
LF:48
LH:40
BRDA:17,0,0,8
BRDA:18,1,0,8
BRDA:19,2,0,8
BRDA:42,3,0,1
BRDA:46,4,0,4
BRDA:46,4,1,2
BRDA:48,5,0,4
BRDA:66,6,0,1
BRDA:90,7,0,0
BRDA:90,7,1,0
BRDA:91,8,0,0
BRDA:91,8,1,0
BRDA:92,9,0,0
BRDA:92,9,1,0
BRDA:98,10,0,1
BRDA:98,10,1,1
BRF:16
BRH:10
end_of_record
TN:
SF:src/classes/jugador.class.ts
FN:8,(anonymous_2)
FN:12,(anonymous_3)
FN:17,(anonymous_4)
FNF:3
FNH:2
FNDA:8,(anonymous_2)
FNDA:3,(anonymous_3)
FNDA:0,(anonymous_4)
DA:1,1
DA:3,1
DA:5,1
DA:7,1
DA:9,8
DA:13,3
DA:18,0
LF:7
LH:6
BRDA:8,0,0,7
BRF:1
BRH:1
end_of_record
