<?xml version="1.0" encoding="UTF-8"?>
<coverage generated="1730239611117" clover="3.2.0">
  <project timestamp="1730239611117" name="All files">
    <metrics statements="34" coveredstatements="34" conditionals="9" coveredconditionals="9" methods="14" coveredmethods="14" elements="57" coveredelements="57" complexity="0" loc="34" ncloc="34" packages="1" files="2" classes="2"/>
    <file name="ahorcado.class.ts" path="/home/lucia/Documents/ISI_5to/Agiles/tp/src/ahorcado.class.ts">
      <metrics statements="31" coveredstatements="31" conditionals="8" coveredconditionals="8" methods="12" coveredmethods="12"/>
      <line num="3" count="1" type="stmt"/>
      <line num="4" count="8" type="cond" truecount="1" falsecount="0"/>
      <line num="5" count="8" type="stmt"/>
      <line num="12" count="8" type="stmt"/>
      <line num="13" count="8" type="stmt"/>
      <line num="17" count="1" type="stmt"/>
      <line num="18" count="1" type="stmt"/>
      <line num="22" count="7" type="stmt"/>
      <line num="26" count="7" type="cond" truecount="1" falsecount="0"/>
      <line num="27" count="1" type="stmt"/>
      <line num="28" count="6" type="stmt"/>
      <line num="29" count="6" type="stmt"/>
      <line num="30" count="6" type="cond" truecount="2" falsecount="0"/>
      <line num="31" count="4" type="stmt"/>
      <line num="32" count="20" type="cond" truecount="1" falsecount="0"/>
      <line num="33" count="4" type="stmt"/>
      <line num="36" count="4" type="stmt"/>
      <line num="38" count="2" type="stmt"/>
      <line num="39" count="2" type="stmt"/>
      <line num="44" count="1" type="stmt"/>
      <line num="48" count="1" type="stmt"/>
      <line num="49" count="1" type="stmt"/>
      <line num="50" count="5" type="cond" truecount="1" falsecount="0"/>
      <line num="51" count="1" type="stmt"/>
      <line num="54" count="1" type="stmt"/>
      <line num="57" count="1" type="stmt"/>
      <line num="60" count="1" type="stmt"/>
      <line num="64" count="1" type="cond" truecount="2" falsecount="0"/>
      <line num="65" count="1" type="stmt"/>
      <line num="66" count="1" type="stmt"/>
      <line num="67" count="1" type="stmt"/>
    </file>
    <file name="jugador.class.ts" path="/home/lucia/Documents/ISI_5to/Agiles/tp/src/jugador.class.ts">
      <metrics statements="3" coveredstatements="3" conditionals="1" coveredconditionals="1" methods="2" coveredmethods="2"/>
      <line num="1" count="1" type="stmt"/>
      <line num="2" count="8" type="cond" truecount="1" falsecount="0"/>
      <line num="5" count="3" type="stmt"/>
    </file>
  </project>
</coverage>
