{"/home/lucia/Documents/ISI_5to/Agiles/tp/src/ahorcado.class.ts": {"path":"/home/lucia/Documents/ISI_5to/Agiles/tp/src/ahorcado.class.ts","statementMap":{"0":{"start":{"line":4,"column":41},"end":{"line":4,"column":71}},"1":{"start":{"line":5,"column":4},"end":{"line":5,"column":28}},"2":{"start":{"line":12,"column":4},"end":{"line":12,"column":27}},"3":{"start":{"line":13,"column":4},"end":{"line":13,"column":56}},"4":{"start":{"line":17,"column":27},"end":{"line":17,"column":46}},"5":{"start":{"line":18,"column":4},"end":{"line":18,"column":55}},"6":{"start":{"line":22,"column":4},"end":{"line":22,"column":46}},"7":{"start":{"line":26,"column":4},"end":{"line":27,"column":54}},"8":{"start":{"line":27,"column":6},"end":{"line":27,"column":54}},"9":{"start":{"line":28,"column":4},"end":{"line":28,"column":35}},"10":{"start":{"line":29,"column":21},"end":{"line":29,"column":45}},"11":{"start":{"line":30,"column":4},"end":{"line":40,"column":5}},"12":{"start":{"line":31,"column":6},"end":{"line":35,"column":9}},"13":{"start":{"line":32,"column":8},"end":{"line":34,"column":9}},"14":{"start":{"line":33,"column":10},"end":{"line":33,"column":35}},"15":{"start":{"line":36,"column":6},"end":{"line":36,"column":50}},"16":{"start":{"line":38,"column":6},"end":{"line":38,"column":32}},"17":{"start":{"line":39,"column":6},"end":{"line":39,"column":52}},"18":{"start":{"line":44,"column":4},"end":{"line":44,"column":55}},"19":{"start":{"line":48,"column":33},"end":{"line":48,"column":35}},"20":{"start":{"line":49,"column":4},"end":{"line":53,"column":7}},"21":{"start":{"line":50,"column":6},"end":{"line":52,"column":7}},"22":{"start":{"line":51,"column":8},"end":{"line":51,"column":31}},"23":{"start":{"line":54,"column":4},"end":{"line":54,"column":22}},"24":{"start":{"line":57,"column":4},"end":{"line":57,"column":34}},"25":{"start":{"line":60,"column":4},"end":{"line":60,"column":37}},"26":{"start":{"line":3,"column":0},"end":{"line":3,"column":13}},"27":{"start":{"line":64,"column":0},"end":{"line":64,"column":null}},"28":{"start":{"line":65,"column":2},"end":{"line":65,"column":null}},"29":{"start":{"line":66,"column":2},"end":{"line":66,"column":null}},"30":{"start":{"line":67,"column":2},"end":{"line":67,"column":null}}},"fnMap":{"0":{"name":"(anonymous_0)","decl":{"start":{"line":4,"column":2},"end":{"line":4,"column":14}},"loc":{"start":{"line":4,"column":73},"end":{"line":6,"column":3}}},"1":{"name":"(anonymous_1)","decl":{"start":{"line":11,"column":2},"end":{"line":11,"column":17}},"loc":{"start":{"line":11,"column":33},"end":{"line":14,"column":3}}},"2":{"name":"(anonymous_2)","decl":{"start":{"line":16,"column":2},"end":{"line":16,"column":14}},"loc":{"start":{"line":16,"column":14},"end":{"line":19,"column":3}}},"3":{"name":"(anonymous_3)","decl":{"start":{"line":21,"column":2},"end":{"line":21,"column":28}},"loc":{"start":{"line":21,"column":38},"end":{"line":23,"column":3}}},"4":{"name":"(anonymous_4)","decl":{"start":{"line":25,"column":2},"end":{"line":25,"column":16}},"loc":{"start":{"line":25,"column":26},"end":{"line":41,"column":3}}},"5":{"name":"(anonymous_5)","decl":{"start":{"line":31,"column":37},"end":{"line":31,"column":38}},"loc":{"start":{"line":31,"column":53},"end":{"line":35,"column":7}}},"6":{"name":"(anonymous_6)","decl":{"start":{"line":43,"column":2},"end":{"line":43,"column":13}},"loc":{"start":{"line":43,"column":13},"end":{"line":45,"column":3}}},"7":{"name":"(anonymous_7)","decl":{"start":{"line":47,"column":2},"end":{"line":47,"column":24}},"loc":{"start":{"line":47,"column":30},"end":{"line":55,"column":3}}},"8":{"name":"(anonymous_8)","decl":{"start":{"line":49,"column":35},"end":{"line":49,"column":36}},"loc":{"start":{"line":49,"column":51},"end":{"line":53,"column":5}}},"9":{"name":"(anonymous_9)","decl":{"start":{"line":56,"column":2},"end":{"line":56,"column":26}},"loc":{"start":{"line":56,"column":26},"end":{"line":58,"column":3}}},"10":{"name":"(anonymous_10)","decl":{"start":{"line":59,"column":2},"end":{"line":59,"column":12}},"loc":{"start":{"line":59,"column":12},"end":{"line":61,"column":3}}},"11":{"name":"(anonymous_11)","decl":{"start":{"line":64,"column":0},"end":{"line":64,"column":12}},"loc":{"start":{"line":64,"column":34},"end":{"line":68,"column":1}}}},"branchMap":{"0":{"loc":{"start":{"line":4,"column":41},"end":{"line":4,"column":73}},"type":"default-arg","locations":[{"start":{"line":4,"column":71},"end":{"line":4,"column":73}}]},"1":{"loc":{"start":{"line":26,"column":4},"end":{"line":27,"column":54}},"type":"if","locations":[{"start":{"line":26,"column":4},"end":{"line":27,"column":54}}]},"2":{"loc":{"start":{"line":30,"column":4},"end":{"line":40,"column":5}},"type":"if","locations":[{"start":{"line":30,"column":4},"end":{"line":40,"column":5}},{"start":{"line":37,"column":11},"end":{"line":40,"column":5}}]},"3":{"loc":{"start":{"line":32,"column":8},"end":{"line":34,"column":9}},"type":"if","locations":[{"start":{"line":32,"column":8},"end":{"line":34,"column":9}}]},"4":{"loc":{"start":{"line":50,"column":6},"end":{"line":52,"column":7}},"type":"if","locations":[{"start":{"line":50,"column":6},"end":{"line":52,"column":7}}]},"5":{"loc":{"start":{"line":64,"column":12},"end":{"line":64,"column":null}},"type":"binary-expr","locations":[{"start":{"line":64,"column":12},"end":{"line":64,"column":34}},{"start":{"line":64,"column":34},"end":{"line":64,"column":null}}]}},"s":{"0":8,"1":8,"2":8,"3":8,"4":1,"5":1,"6":7,"7":7,"8":1,"9":6,"10":6,"11":6,"12":4,"13":20,"14":4,"15":4,"16":2,"17":2,"18":1,"19":1,"20":1,"21":5,"22":1,"23":1,"24":1,"25":1,"26":1,"27":1,"28":1,"29":1,"30":1},"f":{"0":8,"1":8,"2":1,"3":7,"4":7,"5":20,"6":1,"7":1,"8":5,"9":1,"10":1,"11":1},"b":{"0":[8],"1":[1],"2":[4,2],"3":[4],"4":[1],"5":[1,1]}}
,"/home/lucia/Documents/ISI_5to/Agiles/tp/src/jugador.class.ts": {"path":"/home/lucia/Documents/ISI_5to/Agiles/tp/src/jugador.class.ts","statementMap":{"0":{"start":{"line":2,"column":22},"end":{"line":2,"column":36}},"1":{"start":{"line":2,"column":46},"end":{"line":2,"column":62}},"2":{"start":{"line":5,"column":4},"end":{"line":5,"column":24}},"3":{"start":{"line":1,"column":0},"end":{"line":1,"column":13}}},"fnMap":{"0":{"name":"(anonymous_0)","decl":{"start":{"line":2,"column":2},"end":{"line":2,"column":22}},"loc":{"start":{"line":2,"column":63},"end":{"line":2,"column":67}}},"1":{"name":"(anonymous_1)","decl":{"start":{"line":4,"column":2},"end":{"line":4,"column":12}},"loc":{"start":{"line":4,"column":12},"end":{"line":6,"column":3}}}},"branchMap":{"0":{"loc":{"start":{"line":2,"column":46},"end":{"line":2,"column":63}},"type":"default-arg","locations":[{"start":{"line":2,"column":62},"end":{"line":2,"column":63}}]}},"s":{"0":8,"1":8,"2":3,"3":1},"f":{"0":8,"1":3},"b":{"0":[7]}}
}
