TN:
SF:src/ahorcado.class.ts
FN:4,(anonymous_0)
FN:11,(anonymous_1)
FN:16,(anonymous_2)
FN:21,(anonymous_3)
FN:25,(anonymous_4)
FN:31,(anonymous_5)
FN:43,(anonymous_6)
FN:47,(anonymous_7)
FN:49,(anonymous_8)
FN:56,(anonymous_9)
FN:59,(anonymous_10)
FN:64,(anonymous_11)
FNF:12
FNH:12
FNDA:8,(anonymous_0)
FNDA:8,(anonymous_1)
FNDA:1,(anonymous_2)
FNDA:7,(anonymous_3)
FNDA:7,(anonymous_4)
FNDA:20,(anonymous_5)
FNDA:1,(anonymous_6)
FNDA:1,(anonymous_7)
FNDA:5,(anonymous_8)
FNDA:1,(anonymous_9)
FNDA:1,(anonymous_10)
FNDA:1,(anonymous_11)
DA:3,1
DA:4,8
DA:5,8
DA:12,8
DA:13,8
DA:17,1
DA:18,1
DA:22,7
DA:26,7
DA:27,1
DA:28,6
DA:29,6
DA:30,6
DA:31,4
DA:32,20
DA:33,4
DA:36,4
DA:38,2
DA:39,2
DA:44,1
DA:48,1
DA:49,1
DA:50,5
DA:51,1
DA:54,1
DA:57,1
DA:60,1
DA:64,1
DA:65,1
DA:66,1
DA:67,1
LF:31
LH:31
BRDA:4,0,0,8
BRDA:26,1,0,1
BRDA:30,2,0,4
BRDA:30,2,1,2
BRDA:32,3,0,4
BRDA:50,4,0,1
BRDA:64,5,0,1
BRDA:64,5,1,1
BRF:8
BRH:8
end_of_record
TN:
SF:src/jugador.class.ts
FN:2,(anonymous_0)
FN:4,(anonymous_1)
FNF:2
FNH:2
FNDA:8,(anonymous_0)
FNDA:3,(anonymous_1)
DA:1,1
DA:2,8
DA:5,3
LF:3
LH:3
BRDA:2,0,0,7
BRF:1
BRH:1
end_of_record
